[debug] [2021-04-02T04:49:10.746Z] ----------------------------------------------------------------------
[debug] [2021-04-02T04:49:10.749Z] Command:       C:\Program Files\nodejs\node.exe C:\Users\jaeyoung_X78K_2\AppData\Roaming\npm\node_modules\firebase-tools\lib\bin\firebase.js init
[debug] [2021-04-02T04:49:10.749Z] CLI Version:   7.6.2
[debug] [2021-04-02T04:49:10.749Z] Platform:      win32
[debug] [2021-04-02T04:49:10.750Z] Node Version:  v10.16.1
[debug] [2021-04-02T04:49:10.752Z] Time:          Fri Apr 02 2021 13:49:10 GMT+0900 (GMT+09:00)
[debug] [2021-04-02T04:49:10.752Z] ----------------------------------------------------------------------
[debug] [2021-04-02T04:49:10.752Z] 
[debug] [2021-04-02T04:49:10.762Z] > command requires scopes: ["email","openid","https://www.googleapis.com/auth/cloudplatformprojects.readonly","https://www.googleapis.com/auth/firebase","https://www.googleapis.com/auth/cloud-platform"]
[debug] [2021-04-02T04:49:10.763Z] > authorizing via signed-in user
[info] 
     ######## #### ########  ######## ########     ###     ######  ########
     ##        ##  ##     ## ##       ##     ##  ##   ##  ##       ##
     ######    ##  ########  ######   ########  #########  ######  ######
     ##        ##  ##    ##  ##       ##     ## ##     ##       ## ##
     ##       #### ##     ## ######## ########  ##     ##  ######  ########

You're about to initialize a Firebase project in this directory:

  C:\vf2\vf2

Before we get started, keep in mind:

  * You are currently outside your home directory
  * You are initializing in an existing Firebase project directory

[info] 
=== Project Setup
[info] 
[info] First, let's associate this project directory with a Firebase project.
[info] You can create multiple project aliases by running firebase use --add, 
[info] but for now we'll just set up a default project.
[info] 
[info] i  .firebaserc already has a default project, using memi-vf2-58975.
[debug] [2021-04-02T04:49:17.674Z] >>> HTTP REQUEST GET https://firebase.googleapis.com/v1beta1/projects/memi-vf2-58975  
 
[debug] [2021-04-02T04:49:18.345Z] <<< HTTP RESPONSE 200
[info] 
=== Database Setup
[info] 
[info] Firebase Realtime Database Rules allow you to define how your data should be
[info] structured and when your data can be read from and written to.
[info] 
[info] Skipping overwrite of Database Rules.
[info] The rules defined in database.rules.json will be published when you do firebase deploy.
[info] 
=== Firestore Setup
[debug] [2021-04-02T04:49:20.495Z] > command requires scopes: ["email","openid","https://www.googleapis.com/auth/cloudplatformprojects.readonly","https://www.googleapis.com/auth/firebase","https://www.googleapis.com/auth/cloud-platform"]
[debug] [2021-04-02T04:49:20.496Z] > authorizing via signed-in user
[debug] [2021-04-02T04:49:20.496Z] >>> HTTP REQUEST GET https://firebase.googleapis.com/v1beta1/projects/memi-vf2-58975  
 
[debug] [2021-04-02T04:49:21.063Z] <<< HTTP RESPONSE 200
[info] 
[info] Firestore Security Rules allow you to define how and when to allow
[info] requests. You can keep these rules in your project directory
[info] and publish them with firebase deploy.
[info] 
